<?xml version="1.0" encoding="UTF-8"?>
<!-- Generated by org.testng.reporters.JUnitXMLReporter -->
<testsuite hostname="DESKTOP-P281594" ignored="0" name="Test_0001" tests="2" failures="2" timestamp="04 May 2017 18:05:30 GMT" time="19.234" errors="0">
  <testcase name="HomePage" time="0.113" classname="testcases.Verification">
    <failure type="java.lang.NullPointerException">
      <![CDATA[java.lang.NullPointerException
	at testcases.Verification.HomePage(Verification.java:39)
... Removed 25 stack frames]]>
    </failure>
  </testcase> <!-- HomePage -->
  <testcase name="VerifyPageTitle" time="0.017" classname="testcases.Verification">
    <failure type="java.lang.NullPointerException">
      <![CDATA[java.lang.NullPointerException
	at pages.HomePage.verifyAppTitle(HomePage.java:48)
	at testcases.Verification.VerifyPageTitle(Verification.java:29)
... Removed 25 stack frames]]>
    </failure>
  </testcase> <!-- VerifyPageTitle -->
</testsuite> <!-- Test_0001 -->
