<?xml version="1.0" encoding="UTF-8"?>
<!-- Generated by org.testng.reporters.JUnitXMLReporter -->
<testsuite hostname="DESKTOP-P281594" ignored="0" name="Default test" tests="3" failures="0" timestamp="04 May 2017 21:48:37 GMT" time="31.925" errors="0">
  <testcase name="VerifyPageTitle" time="4.529" classname="testcases.Verification"/>
  <testcase name="HomePage" time="10.803" classname="testcases.Verification"/>
  <testcase name="Buttonverification" time="0.001" classname="testcases.Verification"/>
</testsuite> <!-- Default test -->
