<?xml version="1.0" encoding="UTF-8"?>
<!-- Generated by org.testng.reporters.JUnitXMLReporter -->
<testsuite hostname="DESKTOP-P281594" name="SmokeTest" tests="3" failures="0" timestamp="4 May 2017 22:23:34 GMT" time="37.723" errors="0">
  <testcase name="VerifyPageTitle" time="4.706" classname="testcases.Verification"/>
  <testcase name="HomePage" time="11.42" classname="testcases.Verification"/>
  <testcase name="Buttonverification" time="0.001" classname="testcases.Verification"/>
</testsuite> <!-- SmokeTest -->
